2023-01-09 15:38:24,244 INFO o.a.j.u.JMeterUtils: Setting Locale to en_EN
2023-01-09 15:38:24,257 INFO o.a.j.JMeter: Loading user properties from: user.properties
2023-01-09 15:38:24,259 INFO o.a.j.JMeter: Loading system properties from: system.properties
2023-01-09 15:38:24,270 INFO o.a.j.JMeter: Copyright (c) 1998-2022 The Apache Software Foundation
2023-01-09 15:38:24,271 INFO o.a.j.JMeter: Version 5.5
2023-01-09 15:38:24,271 INFO o.a.j.JMeter: java.version=1.8.0_31
2023-01-09 15:38:24,271 INFO o.a.j.JMeter: java.vm.name=Java HotSpot(TM) 64-Bit Server VM
2023-01-09 15:38:24,271 INFO o.a.j.JMeter: os.name=Windows 8.1
2023-01-09 15:38:24,271 INFO o.a.j.JMeter: os.arch=amd64
2023-01-09 15:38:24,271 INFO o.a.j.JMeter: os.version=6.3
2023-01-09 15:38:24,271 INFO o.a.j.JMeter: file.encoding=Cp1252
2023-01-09 15:38:24,271 INFO o.a.j.JMeter: java.awt.headless=null
2023-01-09 15:38:24,271 INFO o.a.j.JMeter: Max memory     =1073741824
2023-01-09 15:38:24,271 INFO o.a.j.JMeter: Available Processors =8
2023-01-09 15:38:24,280 INFO o.a.j.JMeter: Default Locale=English (EN)
2023-01-09 15:38:24,280 INFO o.a.j.JMeter: JMeter  Locale=English (EN)
2023-01-09 15:38:24,280 INFO o.a.j.JMeter: JMeterHome=C:\Users\vedant.zanjad\Documents\workspace-spring-tool-suite-4-4.16.0.RELEASE\apache-jmeter-5.5\apache-jmeter-5.5
2023-01-09 15:38:24,280 INFO o.a.j.JMeter: user.dir  =C:\Users\vedant.zanjad\Documents\workspace-spring-tool-suite-4-4.16.0.RELEASE\apache-jmeter-5.5\apache-jmeter-5.5\bin
2023-01-09 15:38:24,280 INFO o.a.j.JMeter: PWD       =C:\Users\vedant.zanjad\Documents\workspace-spring-tool-suite-4-4.16.0.RELEASE\apache-jmeter-5.5\apache-jmeter-5.5\bin
2023-01-09 15:38:24,281 INFO o.a.j.JMeter: IP: 192.168.1.4 Name: YP1016638LT FullName: YP1016638LT.Yash.com
2023-01-09 15:38:24,324 INFO o.a.j.JMeter: Loaded icon properties from org/apache/jmeter/images/icon.properties
2023-01-09 15:38:24,544 INFO o.a.j.JMeterGuiLauncher: Setting LAF to: com.github.weisj.darklaf.DarkLaf:com.github.weisj.darklaf.theme.DarculaTheme
2023-01-09 15:39:00,171 INFO o.a.j.p.h.s.HTTPSamplerBase: Parser for text/html is org.apache.jmeter.protocol.http.parser.LagartoBasedHtmlParser
2023-01-09 15:39:00,172 INFO o.a.j.p.h.s.HTTPSamplerBase: Parser for application/xhtml+xml is org.apache.jmeter.protocol.http.parser.LagartoBasedHtmlParser
2023-01-09 15:39:00,172 INFO o.a.j.p.h.s.HTTPSamplerBase: Parser for application/xml is org.apache.jmeter.protocol.http.parser.LagartoBasedHtmlParser
2023-01-09 15:39:00,172 INFO o.a.j.p.h.s.HTTPSamplerBase: Parser for text/xml is org.apache.jmeter.protocol.http.parser.LagartoBasedHtmlParser
2023-01-09 15:39:00,172 INFO o.a.j.p.h.s.HTTPSamplerBase: Parser for text/vnd.wap.wml is org.apache.jmeter.protocol.http.parser.RegexpHTMLParser
2023-01-09 15:39:00,172 INFO o.a.j.p.h.s.HTTPSamplerBase: Parser for text/css is org.apache.jmeter.protocol.http.parser.CssParser
2023-01-09 15:39:35,679 INFO o.a.j.s.FileServer: Default base='C:\Users\vedant.zanjad\Documents\workspace-spring-tool-suite-4-4.16.0.RELEASE\apache-jmeter-5.5\apache-jmeter-5.5\bin'
2023-01-09 15:39:35,679 INFO o.a.j.s.FileServer: Set new base='C:\Users\vedant.zanjad\Documents\workspace-spring-tool-suite-4-4.16.0.RELEASE\apache-jmeter-5.5\apache-jmeter-5.5\bin'
2023-01-09 15:39:35,838 INFO o.a.j.s.SaveService: Testplan (JMX) version: 2.2. Testlog (JTL) version: 2.2
2023-01-09 15:39:35,852 INFO o.a.j.s.SaveService: Using SaveService properties file encoding UTF-8
2023-01-09 15:39:35,853 INFO o.a.j.s.SaveService: Using SaveService properties version 5.0
2023-01-09 15:39:35,871 INFO o.a.j.e.StandardJMeterEngine: Running the test!
2023-01-09 15:39:35,872 INFO o.a.j.s.SampleEvent: List of sample_variables: []
2023-01-09 15:39:35,872 INFO o.a.j.s.SampleEvent: List of sample_variables: []
2023-01-09 15:39:35,873 INFO o.a.j.e.u.CompoundVariable: Note: Function class names must contain the string: '.functions.'
2023-01-09 15:39:35,873 INFO o.a.j.e.u.CompoundVariable: Note: Function class names must not contain the string: '.gui.'
2023-01-09 15:39:36,214 INFO o.a.j.g.u.JMeterMenuBar: setRunning(true, *local*)
2023-01-09 15:39:36,215 INFO o.a.j.e.StandardJMeterEngine: Starting setUp thread groups
2023-01-09 15:39:36,215 INFO o.a.j.e.StandardJMeterEngine: Starting setUp ThreadGroup: 1 : setUp Thread Group 
2023-01-09 15:39:36,215 INFO o.a.j.e.StandardJMeterEngine: Starting 15 threads for group setUp Thread Group.
2023-01-09 15:39:36,215 INFO o.a.j.e.StandardJMeterEngine: Thread will continue on error
2023-01-09 15:39:36,215 INFO o.a.j.t.ThreadGroup: Starting thread group... number=1 threads=15 ramp-up=1 delayedStart=false
2023-01-09 15:39:36,223 INFO o.a.j.t.JMeterThread: Thread started: setUp Thread Group 1-1
2023-01-09 15:39:36,234 INFO o.a.j.t.ThreadGroup: Started thread group number 1
2023-01-09 15:39:36,234 INFO o.a.j.e.StandardJMeterEngine: Waiting for all setup thread groups to exit
2023-01-09 15:39:36,253 INFO o.a.j.p.h.s.HTTPHCAbstractImpl: Local host = YP1016638LT
2023-01-09 15:39:36,264 INFO o.a.j.p.h.s.HTTPHC4Impl: HTTP request retry count = 0
2023-01-09 15:39:36,266 INFO o.a.j.s.SampleResult: Note: Sample TimeStamps are START times
2023-01-09 15:39:36,266 INFO o.a.j.s.SampleResult: sampleresult.default.encoding is set to ISO-8859-1
2023-01-09 15:39:36,266 INFO o.a.j.s.SampleResult: sampleresult.useNanoTime=true
2023-01-09 15:39:36,266 INFO o.a.j.s.SampleResult: sampleresult.nanoThreadSleep=5000
2023-01-09 15:39:36,286 INFO o.a.j.t.JMeterThread: Thread started: setUp Thread Group 1-2
2023-01-09 15:39:36,353 INFO o.a.j.t.JMeterThread: Thread started: setUp Thread Group 1-3
2023-01-09 15:39:36,419 INFO o.a.j.t.JMeterThread: Thread started: setUp Thread Group 1-4
2023-01-09 15:39:36,468 INFO o.a.j.t.JMeterThread: Thread is done: setUp Thread Group 1-2
2023-01-09 15:39:36,468 INFO o.a.j.t.JMeterThread: Thread is done: setUp Thread Group 1-3
2023-01-09 15:39:36,468 INFO o.a.j.t.JMeterThread: Thread is done: setUp Thread Group 1-1
2023-01-09 15:39:36,468 INFO o.a.j.t.JMeterThread: Thread finished: setUp Thread Group 1-3
2023-01-09 15:39:36,468 INFO o.a.j.t.JMeterThread: Thread finished: setUp Thread Group 1-2
2023-01-09 15:39:36,468 INFO o.a.j.t.JMeterThread: Thread finished: setUp Thread Group 1-1
2023-01-09 15:39:36,469 INFO o.a.j.t.JMeterThread: Thread is done: setUp Thread Group 1-4
2023-01-09 15:39:36,469 INFO o.a.j.t.JMeterThread: Thread finished: setUp Thread Group 1-4
2023-01-09 15:39:36,485 INFO o.a.j.t.JMeterThread: Thread started: setUp Thread Group 1-5
2023-01-09 15:39:36,521 INFO o.a.j.t.JMeterThread: Thread is done: setUp Thread Group 1-5
2023-01-09 15:39:36,521 INFO o.a.j.t.JMeterThread: Thread finished: setUp Thread Group 1-5
2023-01-09 15:39:36,553 INFO o.a.j.t.JMeterThread: Thread started: setUp Thread Group 1-6
2023-01-09 15:39:36,588 INFO o.a.j.t.JMeterThread: Thread is done: setUp Thread Group 1-6
2023-01-09 15:39:36,589 INFO o.a.j.t.JMeterThread: Thread finished: setUp Thread Group 1-6
2023-01-09 15:39:36,619 INFO o.a.j.t.JMeterThread: Thread started: setUp Thread Group 1-7
2023-01-09 15:39:36,657 INFO o.a.j.t.JMeterThread: Thread is done: setUp Thread Group 1-7
2023-01-09 15:39:36,657 INFO o.a.j.t.JMeterThread: Thread finished: setUp Thread Group 1-7
2023-01-09 15:39:36,687 INFO o.a.j.t.JMeterThread: Thread started: setUp Thread Group 1-8
2023-01-09 15:39:36,729 INFO o.a.j.t.JMeterThread: Thread is done: setUp Thread Group 1-8
2023-01-09 15:39:36,729 INFO o.a.j.t.JMeterThread: Thread finished: setUp Thread Group 1-8
2023-01-09 15:39:36,754 INFO o.a.j.t.JMeterThread: Thread started: setUp Thread Group 1-9
2023-01-09 15:39:36,816 INFO o.a.j.t.JMeterThread: Thread is done: setUp Thread Group 1-9
2023-01-09 15:39:36,816 INFO o.a.j.t.JMeterThread: Thread finished: setUp Thread Group 1-9
2023-01-09 15:39:36,822 INFO o.a.j.t.JMeterThread: Thread started: setUp Thread Group 1-10
2023-01-09 15:39:36,871 INFO o.a.j.t.JMeterThread: Thread is done: setUp Thread Group 1-10
2023-01-09 15:39:36,872 INFO o.a.j.t.JMeterThread: Thread finished: setUp Thread Group 1-10
2023-01-09 15:39:36,891 INFO o.a.j.t.JMeterThread: Thread started: setUp Thread Group 1-11
2023-01-09 15:39:36,925 INFO o.a.j.t.JMeterThread: Thread is done: setUp Thread Group 1-11
2023-01-09 15:39:36,925 INFO o.a.j.t.JMeterThread: Thread finished: setUp Thread Group 1-11
2023-01-09 15:39:36,955 INFO o.a.j.t.JMeterThread: Thread started: setUp Thread Group 1-12
2023-01-09 15:39:36,995 INFO o.a.j.t.JMeterThread: Thread is done: setUp Thread Group 1-12
2023-01-09 15:39:36,995 INFO o.a.j.t.JMeterThread: Thread finished: setUp Thread Group 1-12
2023-01-09 15:39:37,022 INFO o.a.j.t.JMeterThread: Thread started: setUp Thread Group 1-13
2023-01-09 15:39:37,057 INFO o.a.j.t.JMeterThread: Thread is done: setUp Thread Group 1-13
2023-01-09 15:39:37,057 INFO o.a.j.t.JMeterThread: Thread finished: setUp Thread Group 1-13
2023-01-09 15:39:37,091 INFO o.a.j.t.JMeterThread: Thread started: setUp Thread Group 1-14
2023-01-09 15:39:37,129 INFO o.a.j.t.JMeterThread: Thread is done: setUp Thread Group 1-14
2023-01-09 15:39:37,129 INFO o.a.j.t.JMeterThread: Thread finished: setUp Thread Group 1-14
2023-01-09 15:39:37,155 INFO o.a.j.t.JMeterThread: Thread started: setUp Thread Group 1-15
2023-01-09 15:39:37,191 INFO o.a.j.t.JMeterThread: Thread is done: setUp Thread Group 1-15
2023-01-09 15:39:37,191 INFO o.a.j.t.JMeterThread: Thread finished: setUp Thread Group 1-15
2023-01-09 15:39:37,192 INFO o.a.j.e.StandardJMeterEngine: All Setup Threads have ended
2023-01-09 15:39:37,343 INFO o.a.j.e.StandardJMeterEngine: No enabled thread groups found
2023-01-09 15:39:37,343 INFO o.a.j.e.StandardJMeterEngine: Notifying test listeners of end of test
2023-01-09 15:39:37,343 INFO o.a.j.g.u.JMeterMenuBar: setRunning(false, *local*)
2023-01-09 15:41:51,956 INFO o.a.j.e.StandardJMeterEngine: Running the test!
2023-01-09 15:41:51,957 INFO o.a.j.s.SampleEvent: List of sample_variables: []
2023-01-09 15:41:51,958 INFO o.a.j.g.u.JMeterMenuBar: setRunning(true, *local*)
2023-01-09 15:41:51,958 INFO o.a.j.e.StandardJMeterEngine: Starting setUp thread groups
2023-01-09 15:41:51,958 INFO o.a.j.e.StandardJMeterEngine: Starting setUp ThreadGroup: 1 : setUp Thread Group 
2023-01-09 15:41:51,959 INFO o.a.j.e.StandardJMeterEngine: Starting 15 threads for group setUp Thread Group.
2023-01-09 15:41:51,959 INFO o.a.j.e.StandardJMeterEngine: Thread will continue on error
2023-01-09 15:41:51,959 INFO o.a.j.t.ThreadGroup: Starting thread group... number=1 threads=15 ramp-up=1 delayedStart=false
2023-01-09 15:41:51,959 INFO o.a.j.t.JMeterThread: Thread started: setUp Thread Group 1-1
2023-01-09 15:41:51,961 INFO o.a.j.t.JMeterThread: Thread is done: setUp Thread Group 1-1
2023-01-09 15:41:51,961 INFO o.a.j.t.JMeterThread: Thread finished: setUp Thread Group 1-1
2023-01-09 15:41:51,962 INFO o.a.j.t.ThreadGroup: Started thread group number 1
2023-01-09 15:41:51,963 INFO o.a.j.e.StandardJMeterEngine: Waiting for all setup thread groups to exit
2023-01-09 15:41:52,028 INFO o.a.j.t.JMeterThread: Thread started: setUp Thread Group 1-2
2023-01-09 15:41:52,028 INFO o.a.j.t.JMeterThread: Thread is done: setUp Thread Group 1-2
2023-01-09 15:41:52,028 INFO o.a.j.t.JMeterThread: Thread finished: setUp Thread Group 1-2
2023-01-09 15:41:52,094 INFO o.a.j.t.JMeterThread: Thread started: setUp Thread Group 1-3
2023-01-09 15:41:52,094 INFO o.a.j.t.JMeterThread: Thread is done: setUp Thread Group 1-3
2023-01-09 15:41:52,094 INFO o.a.j.t.JMeterThread: Thread finished: setUp Thread Group 1-3
2023-01-09 15:41:52,162 INFO o.a.j.t.JMeterThread: Thread started: setUp Thread Group 1-4
2023-01-09 15:41:52,162 INFO o.a.j.t.JMeterThread: Thread is done: setUp Thread Group 1-4
2023-01-09 15:41:52,162 INFO o.a.j.t.JMeterThread: Thread finished: setUp Thread Group 1-4
2023-01-09 15:41:52,228 INFO o.a.j.t.JMeterThread: Thread started: setUp Thread Group 1-5
2023-01-09 15:41:52,228 INFO o.a.j.t.JMeterThread: Thread is done: setUp Thread Group 1-5
2023-01-09 15:41:52,228 INFO o.a.j.t.JMeterThread: Thread finished: setUp Thread Group 1-5
2023-01-09 15:41:52,294 INFO o.a.j.t.JMeterThread: Thread started: setUp Thread Group 1-6
2023-01-09 15:41:52,294 INFO o.a.j.t.JMeterThread: Thread is done: setUp Thread Group 1-6
2023-01-09 15:41:52,294 INFO o.a.j.t.JMeterThread: Thread finished: setUp Thread Group 1-6
2023-01-09 15:41:52,362 INFO o.a.j.t.JMeterThread: Thread started: setUp Thread Group 1-7
2023-01-09 15:41:52,363 INFO o.a.j.t.JMeterThread: Thread is done: setUp Thread Group 1-7
2023-01-09 15:41:52,363 INFO o.a.j.t.JMeterThread: Thread finished: setUp Thread Group 1-7
2023-01-09 15:41:52,429 INFO o.a.j.t.JMeterThread: Thread started: setUp Thread Group 1-8
2023-01-09 15:41:52,430 INFO o.a.j.t.JMeterThread: Thread is done: setUp Thread Group 1-8
2023-01-09 15:41:52,430 INFO o.a.j.t.JMeterThread: Thread finished: setUp Thread Group 1-8
2023-01-09 15:41:52,496 INFO o.a.j.t.JMeterThread: Thread started: setUp Thread Group 1-9
2023-01-09 15:41:52,497 INFO o.a.j.t.JMeterThread: Thread is done: setUp Thread Group 1-9
2023-01-09 15:41:52,497 INFO o.a.j.t.JMeterThread: Thread finished: setUp Thread Group 1-9
2023-01-09 15:41:52,563 INFO o.a.j.t.JMeterThread: Thread started: setUp Thread Group 1-10
2023-01-09 15:41:52,564 INFO o.a.j.t.JMeterThread: Thread is done: setUp Thread Group 1-10
2023-01-09 15:41:52,564 INFO o.a.j.t.JMeterThread: Thread finished: setUp Thread Group 1-10
2023-01-09 15:41:52,629 INFO o.a.j.t.JMeterThread: Thread started: setUp Thread Group 1-11
2023-01-09 15:41:52,630 INFO o.a.j.t.JMeterThread: Thread is done: setUp Thread Group 1-11
2023-01-09 15:41:52,630 INFO o.a.j.t.JMeterThread: Thread finished: setUp Thread Group 1-11
2023-01-09 15:41:52,697 INFO o.a.j.t.JMeterThread: Thread started: setUp Thread Group 1-12
2023-01-09 15:41:52,697 INFO o.a.j.t.JMeterThread: Thread is done: setUp Thread Group 1-12
2023-01-09 15:41:52,698 INFO o.a.j.t.JMeterThread: Thread finished: setUp Thread Group 1-12
2023-01-09 15:41:52,764 INFO o.a.j.t.JMeterThread: Thread started: setUp Thread Group 1-13
2023-01-09 15:41:52,765 INFO o.a.j.t.JMeterThread: Thread is done: setUp Thread Group 1-13
2023-01-09 15:41:52,765 INFO o.a.j.t.JMeterThread: Thread finished: setUp Thread Group 1-13
2023-01-09 15:41:52,831 INFO o.a.j.t.JMeterThread: Thread started: setUp Thread Group 1-14
2023-01-09 15:41:52,831 INFO o.a.j.t.JMeterThread: Thread is done: setUp Thread Group 1-14
2023-01-09 15:41:52,832 INFO o.a.j.t.JMeterThread: Thread finished: setUp Thread Group 1-14
2023-01-09 15:41:52,899 INFO o.a.j.t.JMeterThread: Thread started: setUp Thread Group 1-15
2023-01-09 15:41:52,900 INFO o.a.j.t.JMeterThread: Thread is done: setUp Thread Group 1-15
2023-01-09 15:41:52,900 INFO o.a.j.t.JMeterThread: Thread finished: setUp Thread Group 1-15
2023-01-09 15:41:52,900 INFO o.a.j.e.StandardJMeterEngine: All Setup Threads have ended
2023-01-09 15:41:53,027 INFO o.a.j.e.StandardJMeterEngine: Starting ThreadGroup: 1 : Thread Group
2023-01-09 15:41:53,029 INFO o.a.j.e.StandardJMeterEngine: Starting 10 threads for group Thread Group.
2023-01-09 15:41:53,029 INFO o.a.j.e.StandardJMeterEngine: Thread will continue on error
2023-01-09 15:41:53,029 INFO o.a.j.t.ThreadGroup: Starting thread group... number=1 threads=10 ramp-up=1 delayedStart=true
2023-01-09 15:41:53,031 INFO o.a.j.t.ThreadGroup: Started thread group number 1
2023-01-09 15:41:53,031 INFO o.a.j.e.StandardJMeterEngine: All thread groups have been started
2023-01-09 15:41:54,048 INFO o.a.j.t.JMeterThread: Thread started: Thread Group 1-1
2023-01-09 15:41:54,082 INFO o.a.j.t.JMeterThread: Thread is done: Thread Group 1-1
2023-01-09 15:41:54,082 INFO o.a.j.t.JMeterThread: Thread finished: Thread Group 1-1
2023-01-09 15:41:54,159 INFO o.a.j.t.JMeterThread: Thread started: Thread Group 1-2
2023-01-09 15:41:54,191 INFO o.a.j.t.JMeterThread: Thread is done: Thread Group 1-2
2023-01-09 15:41:54,191 INFO o.a.j.t.JMeterThread: Thread finished: Thread Group 1-2
2023-01-09 15:41:54,271 INFO o.a.j.t.JMeterThread: Thread started: Thread Group 1-3
2023-01-09 15:41:54,308 INFO o.a.j.t.JMeterThread: Thread is done: Thread Group 1-3
2023-01-09 15:41:54,309 INFO o.a.j.t.JMeterThread: Thread finished: Thread Group 1-3
2023-01-09 15:41:54,383 INFO o.a.j.t.JMeterThread: Thread started: Thread Group 1-4
2023-01-09 15:41:54,415 INFO o.a.j.t.JMeterThread: Thread is done: Thread Group 1-4
2023-01-09 15:41:54,416 INFO o.a.j.t.JMeterThread: Thread finished: Thread Group 1-4
2023-01-09 15:41:54,496 INFO o.a.j.t.JMeterThread: Thread started: Thread Group 1-5
2023-01-09 15:41:54,525 INFO o.a.j.t.JMeterThread: Thread is done: Thread Group 1-5
2023-01-09 15:41:54,525 INFO o.a.j.t.JMeterThread: Thread finished: Thread Group 1-5
2023-01-09 15:41:54,612 INFO o.a.j.t.JMeterThread: Thread started: Thread Group 1-6
2023-01-09 15:41:54,637 INFO o.a.j.t.JMeterThread: Thread is done: Thread Group 1-6
2023-01-09 15:41:54,637 INFO o.a.j.t.JMeterThread: Thread finished: Thread Group 1-6
2023-01-09 15:41:54,722 INFO o.a.j.t.JMeterThread: Thread started: Thread Group 1-7
2023-01-09 15:41:54,753 INFO o.a.j.t.JMeterThread: Thread is done: Thread Group 1-7
2023-01-09 15:41:54,753 INFO o.a.j.t.JMeterThread: Thread finished: Thread Group 1-7
2023-01-09 15:41:54,831 INFO o.a.j.t.JMeterThread: Thread started: Thread Group 1-8
2023-01-09 15:41:54,858 INFO o.a.j.t.JMeterThread: Thread is done: Thread Group 1-8
2023-01-09 15:41:54,858 INFO o.a.j.t.JMeterThread: Thread finished: Thread Group 1-8
2023-01-09 15:41:54,940 INFO o.a.j.t.JMeterThread: Thread started: Thread Group 1-9
2023-01-09 15:41:54,967 INFO o.a.j.t.JMeterThread: Thread is done: Thread Group 1-9
2023-01-09 15:41:54,967 INFO o.a.j.t.JMeterThread: Thread finished: Thread Group 1-9
2023-01-09 15:41:55,049 INFO o.a.j.t.JMeterThread: Thread started: Thread Group 1-10
2023-01-09 15:41:55,080 INFO o.a.j.t.JMeterThread: Thread is done: Thread Group 1-10
2023-01-09 15:41:55,080 INFO o.a.j.t.JMeterThread: Thread finished: Thread Group 1-10
2023-01-09 15:41:55,081 INFO o.a.j.e.StandardJMeterEngine: Notifying test listeners of end of test
2023-01-09 15:41:55,081 INFO o.a.j.g.u.JMeterMenuBar: setRunning(false, *local*)
2023-01-09 15:42:31,685 INFO o.a.j.e.StandardJMeterEngine: Running the test!
2023-01-09 15:42:31,685 INFO o.a.j.s.SampleEvent: List of sample_variables: []
2023-01-09 15:42:31,686 INFO o.a.j.g.u.JMeterMenuBar: setRunning(true, *local*)
2023-01-09 15:42:31,686 INFO o.a.j.e.StandardJMeterEngine: Starting setUp thread groups
2023-01-09 15:42:31,687 INFO o.a.j.e.StandardJMeterEngine: Starting setUp ThreadGroup: 1 : setUp Thread Group 
2023-01-09 15:42:31,687 INFO o.a.j.e.StandardJMeterEngine: Starting 15 threads for group setUp Thread Group.
2023-01-09 15:42:31,687 INFO o.a.j.e.StandardJMeterEngine: Thread will continue on error
2023-01-09 15:42:31,687 INFO o.a.j.t.ThreadGroup: Starting thread group... number=1 threads=15 ramp-up=1 delayedStart=false
2023-01-09 15:42:31,688 INFO o.a.j.t.JMeterThread: Thread started: setUp Thread Group 1-1
2023-01-09 15:42:31,689 INFO o.a.j.t.JMeterThread: Thread is done: setUp Thread Group 1-1
2023-01-09 15:42:31,689 INFO o.a.j.t.JMeterThread: Thread finished: setUp Thread Group 1-1
2023-01-09 15:42:31,690 INFO o.a.j.t.ThreadGroup: Started thread group number 1
2023-01-09 15:42:31,690 INFO o.a.j.e.StandardJMeterEngine: Waiting for all setup thread groups to exit
2023-01-09 15:42:31,756 INFO o.a.j.t.JMeterThread: Thread started: setUp Thread Group 1-2
2023-01-09 15:42:31,756 INFO o.a.j.t.JMeterThread: Thread is done: setUp Thread Group 1-2
2023-01-09 15:42:31,756 INFO o.a.j.t.JMeterThread: Thread finished: setUp Thread Group 1-2
2023-01-09 15:42:31,823 INFO o.a.j.t.JMeterThread: Thread started: setUp Thread Group 1-3
2023-01-09 15:42:31,824 INFO o.a.j.t.JMeterThread: Thread is done: setUp Thread Group 1-3
2023-01-09 15:42:31,824 INFO o.a.j.t.JMeterThread: Thread finished: setUp Thread Group 1-3
2023-01-09 15:42:31,889 INFO o.a.j.t.JMeterThread: Thread started: setUp Thread Group 1-4
2023-01-09 15:42:31,889 INFO o.a.j.t.JMeterThread: Thread is done: setUp Thread Group 1-4
2023-01-09 15:42:31,890 INFO o.a.j.t.JMeterThread: Thread finished: setUp Thread Group 1-4
2023-01-09 15:42:31,956 INFO o.a.j.t.JMeterThread: Thread started: setUp Thread Group 1-5
2023-01-09 15:42:31,956 INFO o.a.j.t.JMeterThread: Thread is done: setUp Thread Group 1-5
2023-01-09 15:42:31,957 INFO o.a.j.t.JMeterThread: Thread finished: setUp Thread Group 1-5
2023-01-09 15:42:32,023 INFO o.a.j.t.JMeterThread: Thread started: setUp Thread Group 1-6
2023-01-09 15:42:32,023 INFO o.a.j.t.JMeterThread: Thread is done: setUp Thread Group 1-6
2023-01-09 15:42:32,024 INFO o.a.j.t.JMeterThread: Thread finished: setUp Thread Group 1-6
2023-01-09 15:42:32,091 INFO o.a.j.t.JMeterThread: Thread started: setUp Thread Group 1-7
2023-01-09 15:42:32,092 INFO o.a.j.t.JMeterThread: Thread is done: setUp Thread Group 1-7
2023-01-09 15:42:32,092 INFO o.a.j.t.JMeterThread: Thread finished: setUp Thread Group 1-7
2023-01-09 15:42:32,156 INFO o.a.j.t.JMeterThread: Thread started: setUp Thread Group 1-8
2023-01-09 15:42:32,157 INFO o.a.j.t.JMeterThread: Thread is done: setUp Thread Group 1-8
2023-01-09 15:42:32,157 INFO o.a.j.t.JMeterThread: Thread finished: setUp Thread Group 1-8
2023-01-09 15:42:32,223 INFO o.a.j.t.JMeterThread: Thread started: setUp Thread Group 1-9
2023-01-09 15:42:32,223 INFO o.a.j.t.JMeterThread: Thread is done: setUp Thread Group 1-9
2023-01-09 15:42:32,224 INFO o.a.j.t.JMeterThread: Thread finished: setUp Thread Group 1-9
2023-01-09 15:42:32,291 INFO o.a.j.t.JMeterThread: Thread started: setUp Thread Group 1-10
2023-01-09 15:42:32,291 INFO o.a.j.t.JMeterThread: Thread is done: setUp Thread Group 1-10
2023-01-09 15:42:32,291 INFO o.a.j.t.JMeterThread: Thread finished: setUp Thread Group 1-10
2023-01-09 15:42:32,358 INFO o.a.j.t.JMeterThread: Thread started: setUp Thread Group 1-11
2023-01-09 15:42:32,358 INFO o.a.j.t.JMeterThread: Thread is done: setUp Thread Group 1-11
2023-01-09 15:42:32,358 INFO o.a.j.t.JMeterThread: Thread finished: setUp Thread Group 1-11
2023-01-09 15:42:32,425 INFO o.a.j.t.JMeterThread: Thread started: setUp Thread Group 1-12
2023-01-09 15:42:32,425 INFO o.a.j.t.JMeterThread: Thread is done: setUp Thread Group 1-12
2023-01-09 15:42:32,426 INFO o.a.j.t.JMeterThread: Thread finished: setUp Thread Group 1-12
2023-01-09 15:42:32,493 INFO o.a.j.t.JMeterThread: Thread started: setUp Thread Group 1-13
2023-01-09 15:42:32,493 INFO o.a.j.t.JMeterThread: Thread is done: setUp Thread Group 1-13
2023-01-09 15:42:32,493 INFO o.a.j.t.JMeterThread: Thread finished: setUp Thread Group 1-13
2023-01-09 15:42:32,559 INFO o.a.j.t.JMeterThread: Thread started: setUp Thread Group 1-14
2023-01-09 15:42:32,560 INFO o.a.j.t.JMeterThread: Thread is done: setUp Thread Group 1-14
2023-01-09 15:42:32,560 INFO o.a.j.t.JMeterThread: Thread finished: setUp Thread Group 1-14
2023-01-09 15:42:32,626 INFO o.a.j.t.JMeterThread: Thread started: setUp Thread Group 1-15
2023-01-09 15:42:32,627 INFO o.a.j.t.JMeterThread: Thread is done: setUp Thread Group 1-15
2023-01-09 15:42:32,627 INFO o.a.j.t.JMeterThread: Thread finished: setUp Thread Group 1-15
2023-01-09 15:42:32,627 INFO o.a.j.e.StandardJMeterEngine: All Setup Threads have ended
2023-01-09 15:42:32,722 INFO o.a.j.e.StandardJMeterEngine: Starting ThreadGroup: 1 : Thread Group
2023-01-09 15:42:32,723 INFO o.a.j.e.StandardJMeterEngine: Starting 10 threads for group Thread Group.
2023-01-09 15:42:32,723 INFO o.a.j.e.StandardJMeterEngine: Thread will continue on error
2023-01-09 15:42:32,723 INFO o.a.j.t.ThreadGroup: Starting thread group... number=1 threads=10 ramp-up=1 delayedStart=true
2023-01-09 15:42:32,723 INFO o.a.j.t.ThreadGroup: Started thread group number 1
2023-01-09 15:42:32,723 INFO o.a.j.e.StandardJMeterEngine: All thread groups have been started
2023-01-09 15:42:33,741 INFO o.a.j.t.JMeterThread: Thread started: Thread Group 1-1
2023-01-09 15:42:33,831 INFO o.a.j.t.JMeterThread: Thread is done: Thread Group 1-1
2023-01-09 15:42:33,831 INFO o.a.j.t.JMeterThread: Thread finished: Thread Group 1-1
2023-01-09 15:42:33,853 INFO o.a.j.t.JMeterThread: Thread started: Thread Group 1-2
2023-01-09 15:42:33,862 INFO o.a.j.t.JMeterThread: Thread is done: Thread Group 1-2
2023-01-09 15:42:33,862 INFO o.a.j.t.JMeterThread: Thread finished: Thread Group 1-2
2023-01-09 15:42:33,965 INFO o.a.j.t.JMeterThread: Thread started: Thread Group 1-3
2023-01-09 15:42:33,975 INFO o.a.j.t.JMeterThread: Thread is done: Thread Group 1-3
2023-01-09 15:42:33,975 INFO o.a.j.t.JMeterThread: Thread finished: Thread Group 1-3
2023-01-09 15:42:34,078 INFO o.a.j.t.JMeterThread: Thread started: Thread Group 1-4
2023-01-09 15:42:34,086 INFO o.a.j.t.JMeterThread: Thread is done: Thread Group 1-4
2023-01-09 15:42:34,087 INFO o.a.j.t.JMeterThread: Thread finished: Thread Group 1-4
2023-01-09 15:42:34,190 INFO o.a.j.t.JMeterThread: Thread started: Thread Group 1-5
2023-01-09 15:42:34,198 INFO o.a.j.t.JMeterThread: Thread is done: Thread Group 1-5
2023-01-09 15:42:34,199 INFO o.a.j.t.JMeterThread: Thread finished: Thread Group 1-5
2023-01-09 15:42:34,315 INFO o.a.j.t.JMeterThread: Thread started: Thread Group 1-6
2023-01-09 15:42:34,326 INFO o.a.j.t.JMeterThread: Thread is done: Thread Group 1-6
2023-01-09 15:42:34,326 INFO o.a.j.t.JMeterThread: Thread finished: Thread Group 1-6
2023-01-09 15:42:34,423 INFO o.a.j.t.JMeterThread: Thread started: Thread Group 1-7
2023-01-09 15:42:34,431 INFO o.a.j.t.JMeterThread: Thread is done: Thread Group 1-7
2023-01-09 15:42:34,431 INFO o.a.j.t.JMeterThread: Thread finished: Thread Group 1-7
2023-01-09 15:42:34,529 INFO o.a.j.t.JMeterThread: Thread started: Thread Group 1-8
2023-01-09 15:42:34,539 INFO o.a.j.t.JMeterThread: Thread is done: Thread Group 1-8
2023-01-09 15:42:34,539 INFO o.a.j.t.JMeterThread: Thread finished: Thread Group 1-8
2023-01-09 15:42:34,635 INFO o.a.j.t.JMeterThread: Thread started: Thread Group 1-9
2023-01-09 15:42:34,645 INFO o.a.j.t.JMeterThread: Thread is done: Thread Group 1-9
2023-01-09 15:42:34,646 INFO o.a.j.t.JMeterThread: Thread finished: Thread Group 1-9
2023-01-09 15:42:34,741 INFO o.a.j.t.JMeterThread: Thread started: Thread Group 1-10
2023-01-09 15:42:34,751 INFO o.a.j.t.JMeterThread: Thread is done: Thread Group 1-10
2023-01-09 15:42:34,751 INFO o.a.j.t.JMeterThread: Thread finished: Thread Group 1-10
2023-01-09 15:42:34,751 INFO o.a.j.e.StandardJMeterEngine: Notifying test listeners of end of test
2023-01-09 15:42:34,752 INFO o.a.j.g.u.JMeterMenuBar: setRunning(false, *local*)
2023-01-09 15:43:21,691 INFO o.a.j.e.StandardJMeterEngine: Running the test!
2023-01-09 15:43:21,691 INFO o.a.j.s.SampleEvent: List of sample_variables: []
2023-01-09 15:43:21,692 INFO o.a.j.g.u.JMeterMenuBar: setRunning(true, *local*)
2023-01-09 15:43:21,692 INFO o.a.j.e.StandardJMeterEngine: Starting setUp thread groups
2023-01-09 15:43:21,693 INFO o.a.j.e.StandardJMeterEngine: Starting setUp ThreadGroup: 1 : setUp Thread Group 
2023-01-09 15:43:21,693 INFO o.a.j.e.StandardJMeterEngine: Starting 15 threads for group setUp Thread Group.
2023-01-09 15:43:21,693 INFO o.a.j.e.StandardJMeterEngine: Thread will continue on error
2023-01-09 15:43:21,693 INFO o.a.j.t.ThreadGroup: Starting thread group... number=1 threads=15 ramp-up=1 delayedStart=false
2023-01-09 15:43:21,694 INFO o.a.j.t.JMeterThread: Thread started: setUp Thread Group 1-1
2023-01-09 15:43:21,694 INFO o.a.j.t.JMeterThread: Thread is done: setUp Thread Group 1-1
2023-01-09 15:43:21,694 INFO o.a.j.t.JMeterThread: Thread finished: setUp Thread Group 1-1
2023-01-09 15:43:21,696 INFO o.a.j.t.ThreadGroup: Started thread group number 1
2023-01-09 15:43:21,697 INFO o.a.j.e.StandardJMeterEngine: Waiting for all setup thread groups to exit
2023-01-09 15:43:21,762 INFO o.a.j.t.JMeterThread: Thread started: setUp Thread Group 1-2
2023-01-09 15:43:21,762 INFO o.a.j.t.JMeterThread: Thread is done: setUp Thread Group 1-2
2023-01-09 15:43:21,762 INFO o.a.j.t.JMeterThread: Thread finished: setUp Thread Group 1-2
2023-01-09 15:43:21,828 INFO o.a.j.t.JMeterThread: Thread started: setUp Thread Group 1-3
2023-01-09 15:43:21,828 INFO o.a.j.t.JMeterThread: Thread is done: setUp Thread Group 1-3
2023-01-09 15:43:21,828 INFO o.a.j.t.JMeterThread: Thread finished: setUp Thread Group 1-3
2023-01-09 15:43:21,894 INFO o.a.j.t.JMeterThread: Thread started: setUp Thread Group 1-4
2023-01-09 15:43:21,894 INFO o.a.j.t.JMeterThread: Thread is done: setUp Thread Group 1-4
2023-01-09 15:43:21,894 INFO o.a.j.t.JMeterThread: Thread finished: setUp Thread Group 1-4
2023-01-09 15:43:21,961 INFO o.a.j.t.JMeterThread: Thread started: setUp Thread Group 1-5
2023-01-09 15:43:21,961 INFO o.a.j.t.JMeterThread: Thread is done: setUp Thread Group 1-5
2023-01-09 15:43:21,962 INFO o.a.j.t.JMeterThread: Thread finished: setUp Thread Group 1-5
2023-01-09 15:43:22,028 INFO o.a.j.t.JMeterThread: Thread started: setUp Thread Group 1-6
2023-01-09 15:43:22,029 INFO o.a.j.t.JMeterThread: Thread is done: setUp Thread Group 1-6
2023-01-09 15:43:22,029 INFO o.a.j.t.JMeterThread: Thread finished: setUp Thread Group 1-6
2023-01-09 15:43:22,096 INFO o.a.j.t.JMeterThread: Thread started: setUp Thread Group 1-7
2023-01-09 15:43:22,096 INFO o.a.j.t.JMeterThread: Thread is done: setUp Thread Group 1-7
2023-01-09 15:43:22,097 INFO o.a.j.t.JMeterThread: Thread finished: setUp Thread Group 1-7
2023-01-09 15:43:22,163 INFO o.a.j.t.JMeterThread: Thread started: setUp Thread Group 1-8
2023-01-09 15:43:22,163 INFO o.a.j.t.JMeterThread: Thread is done: setUp Thread Group 1-8
2023-01-09 15:43:22,163 INFO o.a.j.t.JMeterThread: Thread finished: setUp Thread Group 1-8
2023-01-09 15:43:22,230 INFO o.a.j.t.JMeterThread: Thread started: setUp Thread Group 1-9
2023-01-09 15:43:22,230 INFO o.a.j.t.JMeterThread: Thread is done: setUp Thread Group 1-9
2023-01-09 15:43:22,230 INFO o.a.j.t.JMeterThread: Thread finished: setUp Thread Group 1-9
2023-01-09 15:43:22,297 INFO o.a.j.t.JMeterThread: Thread started: setUp Thread Group 1-10
2023-01-09 15:43:22,297 INFO o.a.j.t.JMeterThread: Thread is done: setUp Thread Group 1-10
2023-01-09 15:43:22,298 INFO o.a.j.t.JMeterThread: Thread finished: setUp Thread Group 1-10
2023-01-09 15:43:22,364 INFO o.a.j.t.JMeterThread: Thread started: setUp Thread Group 1-11
2023-01-09 15:43:22,364 INFO o.a.j.t.JMeterThread: Thread is done: setUp Thread Group 1-11
2023-01-09 15:43:22,364 INFO o.a.j.t.JMeterThread: Thread finished: setUp Thread Group 1-11
2023-01-09 15:43:22,431 INFO o.a.j.t.JMeterThread: Thread started: setUp Thread Group 1-12
2023-01-09 15:43:22,431 INFO o.a.j.t.JMeterThread: Thread is done: setUp Thread Group 1-12
2023-01-09 15:43:22,432 INFO o.a.j.t.JMeterThread: Thread finished: setUp Thread Group 1-12
2023-01-09 15:43:22,500 INFO o.a.j.t.JMeterThread: Thread started: setUp Thread Group 1-13
2023-01-09 15:43:22,500 INFO o.a.j.t.JMeterThread: Thread is done: setUp Thread Group 1-13
2023-01-09 15:43:22,500 INFO o.a.j.t.JMeterThread: Thread finished: setUp Thread Group 1-13
2023-01-09 15:43:22,564 INFO o.a.j.t.JMeterThread: Thread started: setUp Thread Group 1-14
2023-01-09 15:43:22,564 INFO o.a.j.t.JMeterThread: Thread is done: setUp Thread Group 1-14
2023-01-09 15:43:22,564 INFO o.a.j.t.JMeterThread: Thread finished: setUp Thread Group 1-14
2023-01-09 15:43:22,633 INFO o.a.j.t.JMeterThread: Thread started: setUp Thread Group 1-15
2023-01-09 15:43:22,633 INFO o.a.j.t.JMeterThread: Thread is done: setUp Thread Group 1-15
2023-01-09 15:43:22,633 INFO o.a.j.t.JMeterThread: Thread finished: setUp Thread Group 1-15
2023-01-09 15:43:22,634 INFO o.a.j.e.StandardJMeterEngine: All Setup Threads have ended
2023-01-09 15:43:22,742 INFO o.a.j.e.StandardJMeterEngine: Starting ThreadGroup: 1 : Thread Group
2023-01-09 15:43:22,743 INFO o.a.j.e.StandardJMeterEngine: Starting 10 threads for group Thread Group.
2023-01-09 15:43:22,743 INFO o.a.j.e.StandardJMeterEngine: Thread will continue on error
2023-01-09 15:43:22,743 INFO o.a.j.t.ThreadGroup: Starting thread group... number=1 threads=10 ramp-up=1 delayedStart=false
2023-01-09 15:43:22,744 INFO o.a.j.t.JMeterThread: Thread started: Thread Group 1-1
2023-01-09 15:43:22,745 INFO o.a.j.t.ThreadGroup: Started thread group number 1
2023-01-09 15:43:22,745 INFO o.a.j.e.StandardJMeterEngine: All thread groups have been started
2023-01-09 15:43:22,791 INFO o.a.j.t.JMeterThread: Thread is done: Thread Group 1-1
2023-01-09 15:43:22,791 INFO o.a.j.t.JMeterThread: Thread finished: Thread Group 1-1
2023-01-09 15:43:22,845 INFO o.a.j.t.JMeterThread: Thread started: Thread Group 1-2
2023-01-09 15:43:22,856 INFO o.a.j.t.JMeterThread: Thread is done: Thread Group 1-2
2023-01-09 15:43:22,856 INFO o.a.j.t.JMeterThread: Thread finished: Thread Group 1-2
2023-01-09 15:43:22,944 INFO o.a.j.t.JMeterThread: Thread started: Thread Group 1-3
2023-01-09 15:43:22,953 INFO o.a.j.t.JMeterThread: Thread is done: Thread Group 1-3
2023-01-09 15:43:22,954 INFO o.a.j.t.JMeterThread: Thread finished: Thread Group 1-3
2023-01-09 15:43:23,045 INFO o.a.j.t.JMeterThread: Thread started: Thread Group 1-4
2023-01-09 15:43:23,053 INFO o.a.j.t.JMeterThread: Thread is done: Thread Group 1-4
2023-01-09 15:43:23,054 INFO o.a.j.t.JMeterThread: Thread finished: Thread Group 1-4
2023-01-09 15:43:23,145 INFO o.a.j.t.JMeterThread: Thread started: Thread Group 1-5
2023-01-09 15:43:23,153 INFO o.a.j.t.JMeterThread: Thread is done: Thread Group 1-5
2023-01-09 15:43:23,154 INFO o.a.j.t.JMeterThread: Thread finished: Thread Group 1-5
2023-01-09 15:43:23,244 INFO o.a.j.t.JMeterThread: Thread started: Thread Group 1-6
2023-01-09 15:43:23,252 INFO o.a.j.t.JMeterThread: Thread is done: Thread Group 1-6
2023-01-09 15:43:23,253 INFO o.a.j.t.JMeterThread: Thread finished: Thread Group 1-6
2023-01-09 15:43:23,345 INFO o.a.j.t.JMeterThread: Thread started: Thread Group 1-7
2023-01-09 15:43:23,355 INFO o.a.j.t.JMeterThread: Thread is done: Thread Group 1-7
2023-01-09 15:43:23,355 INFO o.a.j.t.JMeterThread: Thread finished: Thread Group 1-7
2023-01-09 15:43:23,446 INFO o.a.j.t.JMeterThread: Thread started: Thread Group 1-8
2023-01-09 15:43:23,456 INFO o.a.j.t.JMeterThread: Thread is done: Thread Group 1-8
2023-01-09 15:43:23,456 INFO o.a.j.t.JMeterThread: Thread finished: Thread Group 1-8
2023-01-09 15:43:23,544 INFO o.a.j.t.JMeterThread: Thread started: Thread Group 1-9
2023-01-09 15:43:23,551 INFO o.a.j.t.JMeterThread: Thread is done: Thread Group 1-9
2023-01-09 15:43:23,552 INFO o.a.j.t.JMeterThread: Thread finished: Thread Group 1-9
2023-01-09 15:43:23,645 INFO o.a.j.t.JMeterThread: Thread started: Thread Group 1-10
2023-01-09 15:43:23,653 INFO o.a.j.t.JMeterThread: Thread is done: Thread Group 1-10
2023-01-09 15:43:23,653 INFO o.a.j.t.JMeterThread: Thread finished: Thread Group 1-10
2023-01-09 15:43:23,654 INFO o.a.j.e.StandardJMeterEngine: Notifying test listeners of end of test
2023-01-09 15:43:23,654 INFO o.a.j.g.u.JMeterMenuBar: setRunning(false, *local*)
2023-01-09 15:44:02,224 INFO o.a.j.e.StandardJMeterEngine: Running the test!
2023-01-09 15:44:02,225 INFO o.a.j.s.SampleEvent: List of sample_variables: []
2023-01-09 15:44:02,226 INFO o.a.j.g.u.JMeterMenuBar: setRunning(true, *local*)
2023-01-09 15:44:02,226 INFO o.a.j.e.StandardJMeterEngine: Starting setUp thread groups
2023-01-09 15:44:02,226 INFO o.a.j.e.StandardJMeterEngine: Starting setUp ThreadGroup: 1 : setUp Thread Group 
2023-01-09 15:44:02,226 INFO o.a.j.e.StandardJMeterEngine: Starting 15 threads for group setUp Thread Group.
2023-01-09 15:44:02,227 INFO o.a.j.e.StandardJMeterEngine: Thread will continue on error
2023-01-09 15:44:02,228 INFO o.a.j.t.ThreadGroup: Starting thread group... number=1 threads=15 ramp-up=1 delayedStart=false
2023-01-09 15:44:02,228 INFO o.a.j.t.JMeterThread: Thread started: setUp Thread Group 1-1
2023-01-09 15:44:02,229 INFO o.a.j.t.JMeterThread: Thread is done: setUp Thread Group 1-1
2023-01-09 15:44:02,230 INFO o.a.j.t.JMeterThread: Thread finished: setUp Thread Group 1-1
2023-01-09 15:44:02,231 INFO o.a.j.t.ThreadGroup: Started thread group number 1
2023-01-09 15:44:02,231 INFO o.a.j.e.StandardJMeterEngine: Waiting for all setup thread groups to exit
2023-01-09 15:44:02,295 INFO o.a.j.t.JMeterThread: Thread started: setUp Thread Group 1-2
2023-01-09 15:44:02,295 INFO o.a.j.t.JMeterThread: Thread is done: setUp Thread Group 1-2
2023-01-09 15:44:02,295 INFO o.a.j.t.JMeterThread: Thread finished: setUp Thread Group 1-2
2023-01-09 15:44:02,362 INFO o.a.j.t.JMeterThread: Thread started: setUp Thread Group 1-3
2023-01-09 15:44:02,362 INFO o.a.j.t.JMeterThread: Thread is done: setUp Thread Group 1-3
2023-01-09 15:44:02,362 INFO o.a.j.t.JMeterThread: Thread finished: setUp Thread Group 1-3
2023-01-09 15:44:02,430 INFO o.a.j.t.JMeterThread: Thread started: setUp Thread Group 1-4
2023-01-09 15:44:02,430 INFO o.a.j.t.JMeterThread: Thread is done: setUp Thread Group 1-4
2023-01-09 15:44:02,430 INFO o.a.j.t.JMeterThread: Thread finished: setUp Thread Group 1-4
2023-01-09 15:44:02,497 INFO o.a.j.t.JMeterThread: Thread started: setUp Thread Group 1-5
2023-01-09 15:44:02,497 INFO o.a.j.t.JMeterThread: Thread is done: setUp Thread Group 1-5
2023-01-09 15:44:02,497 INFO o.a.j.t.JMeterThread: Thread finished: setUp Thread Group 1-5
2023-01-09 15:44:02,564 INFO o.a.j.t.JMeterThread: Thread started: setUp Thread Group 1-6
2023-01-09 15:44:02,564 INFO o.a.j.t.JMeterThread: Thread is done: setUp Thread Group 1-6
2023-01-09 15:44:02,564 INFO o.a.j.t.JMeterThread: Thread finished: setUp Thread Group 1-6
2023-01-09 15:44:02,630 INFO o.a.j.t.JMeterThread: Thread started: setUp Thread Group 1-7
2023-01-09 15:44:02,630 INFO o.a.j.t.JMeterThread: Thread is done: setUp Thread Group 1-7
2023-01-09 15:44:02,630 INFO o.a.j.t.JMeterThread: Thread finished: setUp Thread Group 1-7
2023-01-09 15:44:02,697 INFO o.a.j.t.JMeterThread: Thread started: setUp Thread Group 1-8
2023-01-09 15:44:02,697 INFO o.a.j.t.JMeterThread: Thread is done: setUp Thread Group 1-8
2023-01-09 15:44:02,697 INFO o.a.j.t.JMeterThread: Thread finished: setUp Thread Group 1-8
2023-01-09 15:44:02,764 INFO o.a.j.t.JMeterThread: Thread started: setUp Thread Group 1-9
2023-01-09 15:44:02,764 INFO o.a.j.t.JMeterThread: Thread is done: setUp Thread Group 1-9
2023-01-09 15:44:02,764 INFO o.a.j.t.JMeterThread: Thread finished: setUp Thread Group 1-9
2023-01-09 15:44:02,833 INFO o.a.j.t.JMeterThread: Thread started: setUp Thread Group 1-10
2023-01-09 15:44:02,833 INFO o.a.j.t.JMeterThread: Thread is done: setUp Thread Group 1-10
2023-01-09 15:44:02,833 INFO o.a.j.t.JMeterThread: Thread finished: setUp Thread Group 1-10
2023-01-09 15:44:02,900 INFO o.a.j.t.JMeterThread: Thread started: setUp Thread Group 1-11
2023-01-09 15:44:02,900 INFO o.a.j.t.JMeterThread: Thread is done: setUp Thread Group 1-11
2023-01-09 15:44:02,900 INFO o.a.j.t.JMeterThread: Thread finished: setUp Thread Group 1-11
2023-01-09 15:44:02,967 INFO o.a.j.t.JMeterThread: Thread started: setUp Thread Group 1-12
2023-01-09 15:44:02,967 INFO o.a.j.t.JMeterThread: Thread is done: setUp Thread Group 1-12
2023-01-09 15:44:02,967 INFO o.a.j.t.JMeterThread: Thread finished: setUp Thread Group 1-12
2023-01-09 15:44:03,032 INFO o.a.j.t.JMeterThread: Thread started: setUp Thread Group 1-13
2023-01-09 15:44:03,032 INFO o.a.j.t.JMeterThread: Thread is done: setUp Thread Group 1-13
2023-01-09 15:44:03,032 INFO o.a.j.t.JMeterThread: Thread finished: setUp Thread Group 1-13
2023-01-09 15:44:03,100 INFO o.a.j.t.JMeterThread: Thread started: setUp Thread Group 1-14
2023-01-09 15:44:03,100 INFO o.a.j.t.JMeterThread: Thread is done: setUp Thread Group 1-14
2023-01-09 15:44:03,100 INFO o.a.j.t.JMeterThread: Thread finished: setUp Thread Group 1-14
2023-01-09 15:44:03,166 INFO o.a.j.t.JMeterThread: Thread started: setUp Thread Group 1-15
2023-01-09 15:44:03,166 INFO o.a.j.t.JMeterThread: Thread is done: setUp Thread Group 1-15
2023-01-09 15:44:03,166 INFO o.a.j.t.JMeterThread: Thread finished: setUp Thread Group 1-15
2023-01-09 15:44:03,166 INFO o.a.j.e.StandardJMeterEngine: All Setup Threads have ended
2023-01-09 15:44:03,271 INFO o.a.j.e.StandardJMeterEngine: Starting ThreadGroup: 1 : Thread Group
2023-01-09 15:44:03,271 INFO o.a.j.e.StandardJMeterEngine: Starting 10 threads for group Thread Group.
2023-01-09 15:44:03,271 INFO o.a.j.e.StandardJMeterEngine: Thread will continue on error
2023-01-09 15:44:03,271 INFO o.a.j.t.ThreadGroup: Starting thread group... number=1 threads=10 ramp-up=1 delayedStart=false
2023-01-09 15:44:03,273 INFO o.a.j.t.JMeterThread: Thread started: Thread Group 1-1
2023-01-09 15:44:03,274 INFO o.a.j.t.ThreadGroup: Started thread group number 1
2023-01-09 15:44:03,274 INFO o.a.j.e.StandardJMeterEngine: All thread groups have been started
2023-01-09 15:44:03,372 INFO o.a.j.t.JMeterThread: Thread started: Thread Group 1-2
2023-01-09 15:44:03,382 INFO o.a.j.t.JMeterThread: Thread is done: Thread Group 1-2
2023-01-09 15:44:03,382 INFO o.a.j.t.JMeterThread: Thread finished: Thread Group 1-2
2023-01-09 15:44:03,472 INFO o.a.j.t.JMeterThread: Thread started: Thread Group 1-3
2023-01-09 15:44:03,481 INFO o.a.j.t.JMeterThread: Thread is done: Thread Group 1-3
2023-01-09 15:44:03,481 INFO o.a.j.t.JMeterThread: Thread finished: Thread Group 1-3
2023-01-09 15:44:03,572 INFO o.a.j.t.JMeterThread: Thread started: Thread Group 1-4
2023-01-09 15:44:03,583 INFO o.a.j.t.JMeterThread: Thread is done: Thread Group 1-4
2023-01-09 15:44:03,584 INFO o.a.j.t.JMeterThread: Thread finished: Thread Group 1-4
2023-01-09 15:44:03,671 INFO o.a.j.t.JMeterThread: Thread started: Thread Group 1-5
2023-01-09 15:44:03,680 INFO o.a.j.t.JMeterThread: Thread is done: Thread Group 1-5
2023-01-09 15:44:03,680 INFO o.a.j.t.JMeterThread: Thread finished: Thread Group 1-5
2023-01-09 15:44:03,772 INFO o.a.j.t.JMeterThread: Thread started: Thread Group 1-6
2023-01-09 15:44:03,779 INFO o.a.j.t.JMeterThread: Thread is done: Thread Group 1-6
2023-01-09 15:44:03,779 INFO o.a.j.t.JMeterThread: Thread finished: Thread Group 1-6
2023-01-09 15:44:03,872 INFO o.a.j.t.JMeterThread: Thread started: Thread Group 1-7
2023-01-09 15:44:03,972 INFO o.a.j.t.JMeterThread: Thread started: Thread Group 1-8
2023-01-09 15:44:03,981 INFO o.a.j.t.JMeterThread: Thread is done: Thread Group 1-8
2023-01-09 15:44:03,981 INFO o.a.j.t.JMeterThread: Thread finished: Thread Group 1-8
2023-01-09 15:44:04,073 INFO o.a.j.t.JMeterThread: Thread started: Thread Group 1-9
2023-01-09 15:44:04,081 INFO o.a.j.t.JMeterThread: Thread is done: Thread Group 1-9
2023-01-09 15:44:04,081 INFO o.a.j.t.JMeterThread: Thread finished: Thread Group 1-9
2023-01-09 15:44:04,172 INFO o.a.j.t.JMeterThread: Thread started: Thread Group 1-10
2023-01-09 15:44:04,185 INFO o.a.j.t.JMeterThread: Thread is done: Thread Group 1-10
2023-01-09 15:44:04,185 INFO o.a.j.t.JMeterThread: Thread finished: Thread Group 1-10
2023-01-09 15:44:05,313 INFO o.a.j.t.JMeterThread: Thread is done: Thread Group 1-1
2023-01-09 15:44:05,313 INFO o.a.j.t.JMeterThread: Thread finished: Thread Group 1-1
2023-01-09 15:44:05,911 INFO o.a.j.t.JMeterThread: Thread is done: Thread Group 1-7
2023-01-09 15:44:05,911 INFO o.a.j.t.JMeterThread: Thread finished: Thread Group 1-7
2023-01-09 15:44:05,911 INFO o.a.j.e.StandardJMeterEngine: Notifying test listeners of end of test
2023-01-09 15:44:05,911 INFO o.a.j.g.u.JMeterMenuBar: setRunning(false, *local*)
